[debug] [2025-04-29T04:34:54.223Z] ----------------------------------------------------------------------
[debug] [2025-04-29T04:34:54.228Z] Command:       /usr/local/bin/node /usr/local/bin/firebase deploy
[debug] [2025-04-29T04:34:54.228Z] CLI Version:   14.2.1
[debug] [2025-04-29T04:34:54.228Z] Platform:      darwin
[debug] [2025-04-29T04:34:54.228Z] Node Version:  v20.1.0
[debug] [2025-04-29T04:34:54.228Z] Time:          Tue Apr 29 2025 06:34:54 GMT+0200 (Central European Summer Time)
[debug] [2025-04-29T04:34:54.228Z] ----------------------------------------------------------------------
[debug] 
[debug] [2025-04-29T04:34:54.309Z] > command requires scopes: ["email","openid","https://www.googleapis.com/auth/cloudplatformprojects.readonly","https://www.googleapis.com/auth/firebase","https://www.googleapis.com/auth/cloud-platform"]
[debug] [2025-04-29T04:34:54.310Z] > authorizing via signed-in user (259164@student.pwr.edu.pl)
[debug] [2025-04-29T04:34:54.310Z] [iam] checking project siica-chatbot for permissions ["firebase.projects.get","firebasehosting.sites.update"]
[debug] [2025-04-29T04:34:54.310Z] Checked if tokens are valid: false, expires at: 1745874488587
[debug] [2025-04-29T04:34:54.310Z] Checked if tokens are valid: false, expires at: 1745874488587
[debug] [2025-04-29T04:34:54.311Z] > refreshing access token with scopes: []
[debug] [2025-04-29T04:34:54.311Z] >>> [apiv2][query] POST https://www.googleapis.com/oauth2/v3/token [none]
[debug] [2025-04-29T04:34:54.311Z] >>> [apiv2][body] POST https://www.googleapis.com/oauth2/v3/token [omitted]
[debug] [2025-04-29T04:34:54.612Z] <<< [apiv2][status] POST https://www.googleapis.com/oauth2/v3/token 200
[debug] [2025-04-29T04:34:54.612Z] <<< [apiv2][body] POST https://www.googleapis.com/oauth2/v3/token [omitted]
[debug] [2025-04-29T04:34:54.626Z] >>> [apiv2][query] POST https://cloudresourcemanager.googleapis.com/v1/projects/siica-chatbot:testIamPermissions [none]
[debug] [2025-04-29T04:34:54.626Z] >>> [apiv2][(partial)header] POST https://cloudresourcemanager.googleapis.com/v1/projects/siica-chatbot:testIamPermissions x-goog-quota-user=projects/siica-chatbot
[debug] [2025-04-29T04:34:54.626Z] >>> [apiv2][body] POST https://cloudresourcemanager.googleapis.com/v1/projects/siica-chatbot:testIamPermissions {"permissions":["firebase.projects.get","firebasehosting.sites.update"]}
[debug] [2025-04-29T04:34:55.572Z] <<< [apiv2][status] POST https://cloudresourcemanager.googleapis.com/v1/projects/siica-chatbot:testIamPermissions 200
[debug] [2025-04-29T04:34:55.572Z] <<< [apiv2][body] POST https://cloudresourcemanager.googleapis.com/v1/projects/siica-chatbot:testIamPermissions {"permissions":["firebase.projects.get","firebasehosting.sites.update"]}
[debug] [2025-04-29T04:34:55.573Z] Checked if tokens are valid: true, expires at: 1745904893613
[debug] [2025-04-29T04:34:55.573Z] Checked if tokens are valid: true, expires at: 1745904893613
[debug] [2025-04-29T04:34:55.573Z] >>> [apiv2][query] GET https://firebase.googleapis.com/v1beta1/projects/siica-chatbot [none]
[debug] [2025-04-29T04:34:55.950Z] <<< [apiv2][status] GET https://firebase.googleapis.com/v1beta1/projects/siica-chatbot 200
[debug] [2025-04-29T04:34:55.951Z] <<< [apiv2][body] GET https://firebase.googleapis.com/v1beta1/projects/siica-chatbot {"projectId":"siica-chatbot","projectNumber":"14029727770","displayName":"SIICA-Chatbot","name":"projects/siica-chatbot","resources":{"hostingSite":"siica-chatbot"},"state":"ACTIVE","etag":"1_556293c8-cc9a-41d7-b65c-49b51fb41542"}
[info] 
[info] === Deploying to 'siica-chatbot'...
[info] 
[info] i  deploying hosting 
[debug] [2025-04-29T04:34:55.959Z] Checked if tokens are valid: true, expires at: 1745904893613
[debug] [2025-04-29T04:34:55.959Z] Checked if tokens are valid: true, expires at: 1745904893613
[debug] [2025-04-29T04:34:55.960Z] >>> [apiv2][query] POST https://firebasehosting.googleapis.com/v1beta1/projects/-/sites/siica-chatbot/versions [none]
[debug] [2025-04-29T04:34:55.960Z] >>> [apiv2][body] POST https://firebasehosting.googleapis.com/v1beta1/projects/-/sites/siica-chatbot/versions {"status":"CREATED","labels":{"deployment-tool":"cli-firebase"}}
